{"E:\\intelligent-matching-api\\controllers\\authController.js": {"path":"E:\\intelligent-matching-api\\controllers\\authController.js","statementMap":{"0":{"start":{"line":1,"column":12},"end":{"line":1,"column":35}},"1":{"start":{"line":3,"column":0},"end":{"line":16,"column":2}},"2":{"start":{"line":4,"column":35},"end":{"line":4,"column":43}},"3":{"start":{"line":6,"column":4},"end":{"line":13,"column":5}},"4":{"start":{"line":7,"column":8},"end":{"line":7,"column":87}},"5":{"start":{"line":8,"column":11},"end":{"line":13,"column":5}},"6":{"start":{"line":9,"column":22},"end":{"line":9,"column":89}},"7":{"start":{"line":10,"column":8},"end":{"line":10,"column":35}},"8":{"start":{"line":11,"column":10},"end":{"line":13,"column":5}},"9":{"start":{"line":12,"column":8},"end":{"line":12,"column":69}},"10":{"start":{"line":15,"column":4},"end":{"line":15,"column":68}}},"fnMap":{"0":{"name":"(anonymous_0)","decl":{"start":{"line":3,"column":16},"end":{"line":3,"column":17}},"loc":{"start":{"line":3,"column":30},"end":{"line":16,"column":1}},"line":3}},"branchMap":{"0":{"loc":{"start":{"line":6,"column":4},"end":{"line":13,"column":5}},"type":"if","locations":[{"start":{"line":6,"column":4},"end":{"line":13,"column":5}},{"start":{"line":8,"column":11},"end":{"line":13,"column":5}}],"line":6},"1":{"loc":{"start":{"line":6,"column":8},"end":{"line":6,"column":30}},"type":"binary-expr","locations":[{"start":{"line":6,"column":8},"end":{"line":6,"column":17}},{"start":{"line":6,"column":21},"end":{"line":6,"column":30}}],"line":6},"2":{"loc":{"start":{"line":8,"column":11},"end":{"line":13,"column":5}},"type":"if","locations":[{"start":{"line":8,"column":11},"end":{"line":13,"column":5}},{"start":{"line":11,"column":10},"end":{"line":13,"column":5}}],"line":8},"3":{"loc":{"start":{"line":8,"column":15},"end":{"line":8,"column":61}},"type":"binary-expr","locations":[{"start":{"line":8,"column":15},"end":{"line":8,"column":34}},{"start":{"line":8,"column":38},"end":{"line":8,"column":61}}],"line":8},"4":{"loc":{"start":{"line":11,"column":10},"end":{"line":13,"column":5}},"type":"if","locations":[{"start":{"line":11,"column":10},"end":{"line":13,"column":5}},{"start":{},"end":{}}],"line":11},"5":{"loc":{"start":{"line":11,"column":14},"end":{"line":11,"column":63}},"type":"binary-expr","locations":[{"start":{"line":11,"column":14},"end":{"line":11,"column":36}},{"start":{"line":11,"column":40},"end":{"line":11,"column":63}}],"line":11}},"s":{"0":1,"1":1,"2":4,"3":4,"4":2,"5":2,"6":0,"7":0,"8":2,"9":1,"10":1},"f":{"0":4},"b":{"0":[2,2],"1":[4,3],"2":[0,2],"3":[2,0],"4":[1,1],"5":[2,1]},"_coverageSchema":"1a1c01bbd47fc00a2c39e90264f33305004495a9","hash":"670dc8349cce6de51a900a0928e3f8c76d403ff2"}
,"E:\\intelligent-matching-api\\controllers\\profileController.js": {"path":"E:\\intelligent-matching-api\\controllers\\profileController.js","statementMap":{"0":{"start":{"line":1,"column":15},"end":{"line":1,"column":17}},"1":{"start":{"line":3,"column":0},"end":{"line":18,"column":2}},"2":{"start":{"line":4,"column":59},"end":{"line":4,"column":67}},"3":{"start":{"line":6,"column":4},"end":{"line":8,"column":5}},"4":{"start":{"line":7,"column":8},"end":{"line":7,"column":76}},"5":{"start":{"line":10,"column":20},"end":{"line":10,"column":66}},"6":{"start":{"line":12,"column":4},"end":{"line":12,"column":27}},"7":{"start":{"line":14,"column":4},"end":{"line":17,"column":7}},"8":{"start":{"line":20,"column":0},"end":{"line":49,"column":2}},"9":{"start":{"line":21,"column":35},"end":{"line":21,"column":44}},"10":{"start":{"line":23,"column":4},"end":{"line":25,"column":5}},"11":{"start":{"line":24,"column":8},"end":{"line":24,"column":77}},"12":{"start":{"line":27,"column":17},"end":{"line":27,"column":46}},"13":{"start":{"line":28,"column":18},"end":{"line":28,"column":49}},"14":{"start":{"line":30,"column":23},"end":{"line":30,"column":41}},"15":{"start":{"line":31,"column":21},"end":{"line":31,"column":33}},"16":{"start":{"line":33,"column":20},"end":{"line":35,"column":5}},"17":{"start":{"line":34,"column":19},"end":{"line":34,"column":81}},"18":{"start":{"line":37,"column":20},"end":{"line":37,"column":55}},"19":{"start":{"line":39,"column":4},"end":{"line":41,"column":5}},"20":{"start":{"line":40,"column":8},"end":{"line":40,"column":85}},"21":{"start":{"line":43,"column":4},"end":{"line":48,"column":7}}},"fnMap":{"0":{"name":"(anonymous_0)","decl":{"start":{"line":3,"column":26},"end":{"line":3,"column":27}},"loc":{"start":{"line":3,"column":40},"end":{"line":18,"column":1}},"line":3},"1":{"name":"(anonymous_1)","decl":{"start":{"line":20,"column":24},"end":{"line":20,"column":25}},"loc":{"start":{"line":20,"column":38},"end":{"line":49,"column":1}},"line":20},"2":{"name":"(anonymous_2)","decl":{"start":{"line":34,"column":8},"end":{"line":34,"column":9}},"loc":{"start":{"line":34,"column":19},"end":{"line":34,"column":81}},"line":34}},"branchMap":{"0":{"loc":{"start":{"line":6,"column":4},"end":{"line":8,"column":5}},"type":"if","locations":[{"start":{"line":6,"column":4},"end":{"line":8,"column":5}},{"start":{},"end":{}}],"line":6},"1":{"loc":{"start":{"line":6,"column":8},"end":{"line":6,"column":48}},"type":"binary-expr","locations":[{"start":{"line":6,"column":8},"end":{"line":6,"column":13}},{"start":{"line":6,"column":17},"end":{"line":6,"column":22}},{"start":{"line":6,"column":26},"end":{"line":6,"column":35}},{"start":{"line":6,"column":39},"end":{"line":6,"column":48}}],"line":6},"2":{"loc":{"start":{"line":23,"column":4},"end":{"line":25,"column":5}},"type":"if","locations":[{"start":{"line":23,"column":4},"end":{"line":25,"column":5}},{"start":{},"end":{}}],"line":23},"3":{"loc":{"start":{"line":23,"column":8},"end":{"line":23,"column":30}},"type":"binary-expr","locations":[{"start":{"line":23,"column":8},"end":{"line":23,"column":17}},{"start":{"line":23,"column":21},"end":{"line":23,"column":30}}],"line":23},"4":{"loc":{"start":{"line":27,"column":17},"end":{"line":27,"column":46}},"type":"binary-expr","locations":[{"start":{"line":27,"column":17},"end":{"line":27,"column":41}},{"start":{"line":27,"column":45},"end":{"line":27,"column":46}}],"line":27},"5":{"loc":{"start":{"line":28,"column":18},"end":{"line":28,"column":49}},"type":"binary-expr","locations":[{"start":{"line":28,"column":18},"end":{"line":28,"column":43}},{"start":{"line":28,"column":47},"end":{"line":28,"column":49}}],"line":28},"6":{"loc":{"start":{"line":34,"column":19},"end":{"line":34,"column":81}},"type":"binary-expr","locations":[{"start":{"line":34,"column":19},"end":{"line":34,"column":48}},{"start":{"line":34,"column":52},"end":{"line":34,"column":81}}],"line":34},"7":{"loc":{"start":{"line":39,"column":4},"end":{"line":41,"column":5}},"type":"if","locations":[{"start":{"line":39,"column":4},"end":{"line":41,"column":5}},{"start":{},"end":{}}],"line":39}},"s":{"0":1,"1":1,"2":6,"3":6,"4":5,"5":1,"6":1,"7":1,"8":1,"9":2,"10":2,"11":0,"12":2,"13":2,"14":2,"15":2,"16":2,"17":2,"18":2,"19":2,"20":1,"21":1},"f":{"0":6,"1":2,"2":2},"b":{"0":[5,1],"1":[6,5,4,3],"2":[0,2],"3":[2,2],"4":[2,0],"5":[2,0],"6":[2,1],"7":[1,1]},"_coverageSchema":"1a1c01bbd47fc00a2c39e90264f33305004495a9","hash":"6f9267317e70de9931e67a9c6fc9f4f430c53c01"}
}
