TN:
SF:controllers\authController.js
FN:3,(anonymous_0)
FNF:1
FNH:1
FNDA:4,(anonymous_0)
DA:1,1
DA:3,1
DA:4,4
DA:6,4
DA:7,2
DA:8,2
DA:9,0
DA:10,0
DA:11,2
DA:12,1
DA:15,1
LF:11
LH:9
BRDA:6,0,0,2
BRDA:6,0,1,2
BRDA:6,1,0,4
BRDA:6,1,1,3
BRDA:8,2,0,0
BRDA:8,2,1,2
BRDA:8,3,0,2
BRDA:8,3,1,0
BRDA:11,4,0,1
BRDA:11,4,1,1
BRDA:11,5,0,2
BRDA:11,5,1,1
BRF:12
BRH:10
end_of_record
TN:
SF:controllers\profileController.js
FN:3,(anonymous_0)
FN:20,(anonymous_1)
FN:34,(anonymous_2)
FNF:3
FNH:3
FNDA:6,(anonymous_0)
FNDA:2,(anonymous_1)
FNDA:2,(anonymous_2)
DA:1,1
DA:3,1
DA:4,6
DA:6,6
DA:7,5
DA:10,1
DA:12,1
DA:14,1
DA:20,1
DA:21,2
DA:23,2
DA:24,0
DA:27,2
DA:28,2
DA:30,2
DA:31,2
DA:33,2
DA:34,2
DA:37,2
DA:39,2
DA:40,1
DA:43,1
LF:22
LH:21
BRDA:6,0,0,5
BRDA:6,0,1,1
BRDA:6,1,0,6
BRDA:6,1,1,5
BRDA:6,1,2,4
BRDA:6,1,3,3
BRDA:23,2,0,0
BRDA:23,2,1,2
BRDA:23,3,0,2
BRDA:23,3,1,2
BRDA:27,4,0,2
BRDA:27,4,1,0
BRDA:28,5,0,2
BRDA:28,5,1,0
BRDA:34,6,0,2
BRDA:34,6,1,1
BRDA:39,7,0,1
BRDA:39,7,1,1
BRF:18
BRH:15
end_of_record
